# JRE version: OpenJDK Runtime Environment (17.0.9) (build 17.0.9+0--11185874)
# Java VM: OpenJDK 64-Bit Server VM (17.0.9+0--11185874, mixed mode, tiered, compressed oops, compressed class ptrs, g1 gc, windows-amd64)
GC Precious Log:
 CPUs: 4 total, 4 available
 Memory: 7610M
 Large Page Support: Disabled
 NUMA Support: Disabled
 Compressed Oops: Enabled (32-bit)
 Heap Region Size: 1M
 Heap Min Capacity: 8M
 Heap Initial Capacity: 120M
 Heap Max Capacity: 2G
 Pre-touch: Disabled
 Parallel Workers: 4
 Concurrent Workers: 1
 Concurrent Refinement Workers: 4
 Periodic GC: Disabled
Heap:
 garbage-first heap   total 191488K, used 123343K [0x0000000080000000, 0x0000000100000000)
  region size 1024K, 2 young (2048K), 2 survivors (2048K)
 Metaspace       used 111716K, committed 112512K, reserved 1179648K
  class space    used 15253K, committed 15680K, reserved 1048576K
GC Heap History (20 events):
Event: 64.398 GC heap after
{Heap after GC invocations=57 (full 0):
 garbage-first heap   total 172032K, used 85691K [0x0000000080000000, 0x0000000100000000)
  region size 1024K, 5 young (5120K), 5 survivors (5120K)
 Metaspace       used 93336K, committed 94016K, reserved 1179648K
  class space    used 12787K, committed 13120K, reserved 1048576K
}
Event: 64.528 GC heap before
{Heap before GC invocations=57 (full 0):
 garbage-first heap   total 172032K, used 88763K [0x0000000080000000, 0x0000000100000000)
  region size 1024K, 8 young (8192K), 5 survivors (5120K)
 Metaspace       used 93564K, committed 94272K, reserved 1179648K
  class space    used 12809K, committed 13120K, reserved 1048576K
}
Event: 64.545 GC heap after
{Heap after GC invocations=58 (full 0):
 garbage-first heap   total 172032K, used 85701K [0x0000000080000000, 0x0000000100000000)
  region size 1024K, 1 young (1024K), 1 survivors (1024K)
 Metaspace       used 93564K, committed 94272K, reserved 1179648K
  class space    used 12809K, committed 13120K, reserved 1048576K
}
Event: 67.070 GC heap before
{Heap before GC invocations=58 (full 0):
 garbage-first heap   total 172032K, used 140997K [0x0000000080000000, 0x0000000100000000)
  region size 1024K, 55 young (56320K), 1 survivors (1024K)
 Metaspace       used 97723K, committed 98368K, reserved 1179648K
  class space    used 13433K, committed 13760K, reserved 1048576K
}
Event: 67.083 GC heap after
{Heap after GC invocations=59 (full 0):
 garbage-first heap   total 172032K, used 87699K [0x0000000080000000, 0x0000000100000000)
  region size 1024K, 3 young (3072K), 3 survivors (3072K)
 Metaspace       used 97723K, committed 98368K, reserved 1179648K
  class space    used 13433K, committed 13760K, reserved 1048576K
}
Event: 69.978 GC heap before
{Heap before GC invocations=60 (full 0):
 garbage-first heap   total 172032K, used 141971K [0x0000000080000000, 0x0000000100000000)
  region size 1024K, 56 young (57344K), 3 survivors (3072K)
 Metaspace       used 101567K, committed 102336K, reserved 1179648K
  class space    used 14055K, committed 14400K, reserved 1048576K
}
Event: 70.003 GC heap after
{Heap after GC invocations=61 (full 0):
 garbage-first heap   total 172032K, used 90196K [0x0000000080000000, 0x0000000100000000)
  region size 1024K, 6 young (6144K), 6 survivors (6144K)
 Metaspace       used 101567K, committed 102336K, reserved 1179648K
  class space    used 14055K, committed 14400K, reserved 1048576K
}
Event: 70.091 GC heap before
{Heap before GC invocations=61 (full 0):
 garbage-first heap   total 172032K, used 92244K [0x0000000080000000, 0x0000000100000000)
  region size 1024K, 8 young (8192K), 6 survivors (6144K)
 Metaspace       used 101736K, committed 102464K, reserved 1179648K
  class space    used 14075K, committed 14400K, reserved 1048576K
}
Event: 70.108 GC heap after
{Heap after GC invocations=62 (full 0):
 garbage-first heap   total 172032K, used 90405K [0x0000000080000000, 0x0000000100000000)
  region size 1024K, 1 young (1024K), 1 survivors (1024K)
 Metaspace       used 101736K, committed 102464K, reserved 1179648K
  class space    used 14075K, committed 14400K, reserved 1048576K
}
Event: 72.019 GC heap before
{Heap before GC invocations=62 (full 0):
 garbage-first heap   total 172032K, used 141605K [0x0000000080000000, 0x0000000100000000)
  region size 1024K, 52 young (53248K), 1 survivors (1024K)
 Metaspace       used 105841K, committed 106560K, reserved 1179648K
  class space    used 14571K, committed 14912K, reserved 1048576K
}
Event: 72.032 GC heap after
{Heap after GC invocations=63 (full 0):
 garbage-first heap   total 172032K, used 93636K [0x0000000080000000, 0x0000000100000000)
  region size 1024K, 4 young (4096K), 4 survivors (4096K)
 Metaspace       used 105841K, committed 106560K, reserved 1179648K
  class space    used 14571K, committed 14912K, reserved 1048576K
}
Event: 76.091 GC heap before
{Heap before GC invocations=64 (full 0):
 garbage-first heap   total 172032K, used 146884K [0x0000000080000000, 0x0000000100000000)
  region size 1024K, 52 young (53248K), 4 survivors (4096K)
 Metaspace       used 108916K, committed 109696K, reserved 1179648K
  class space    used 14934K, committed 15296K, reserved 1048576K
}
Event: 76.122 GC heap after
{Heap after GC invocations=65 (full 0):
 garbage-first heap   total 172032K, used 99429K [0x0000000080000000, 0x0000000100000000)
  region size 1024K, 7 young (7168K), 7 survivors (7168K)
 Metaspace       used 108916K, committed 109696K, reserved 1179648K
  class space    used 14934K, committed 15296K, reserved 1048576K
}
Event: 76.200 GC heap before
{Heap before GC invocations=65 (full 0):
 garbage-first heap   total 172032K, used 99429K [0x0000000080000000, 0x0000000100000000)
  region size 1024K, 8 young (8192K), 7 survivors (7168K)
 Metaspace       used 108922K, committed 109696K, reserved 1179648K
  class space    used 14934K, committed 15296K, reserved 1048576K
}
Event: 76.234 GC heap after
{Heap after GC invocations=66 (full 0):
 garbage-first heap   total 172032K, used 99997K [0x0000000080000000, 0x0000000100000000)
  region size 1024K, 1 young (1024K), 1 survivors (1024K)
 Metaspace       used 108922K, committed 109696K, reserved 1179648K
  class space    used 14934K, committed 15296K, reserved 1048576K
}
Event: 80.038 GC heap before
{Heap before GC invocations=66 (full 0):
 garbage-first heap   total 172032K, used 144029K [0x0000000080000000, 0x0000000100000000)
  region size 1024K, 43 young (44032K), 1 survivors (1024K)
 Metaspace       used 110725K, committed 111488K, reserved 1179648K
  class space    used 15139K, committed 15488K, reserved 1048576K
}
Event: 80.066 GC heap after
{Heap after GC invocations=67 (full 0):
 garbage-first heap   total 172032K, used 108544K [0x0000000080000000, 0x0000000100000000)
  region size 1024K, 6 young (6144K), 6 survivors (6144K)
 Metaspace       used 110725K, committed 111488K, reserved 1179648K
  class space    used 15139K, committed 15488K, reserved 1048576K
}
Event: 81.463 GC heap before
{Heap before GC invocations=68 (full 0):
 garbage-first heap   total 191488K, used 140288K [0x0000000080000000, 0x0000000100000000)
  region size 1024K, 37 young (37888K), 6 survivors (6144K)
 Metaspace       used 111715K, committed 112512K, reserved 1179648K
  class space    used 15253K, committed 15680K, reserved 1048576K
}
Event: 81.502 GC heap after
{Heap after GC invocations=69 (full 0):
 garbage-first heap   total 191488K, used 118960K [0x0000000080000000, 0x0000000100000000)
  region size 1024K, 5 young (5120K), 5 survivors (5120K)
 Metaspace       used 111715K, committed 112512K, reserved 1179648K
  class space    used 15253K, committed 15680K, reserved 1048576K
}
Event: 81.596 GC heap before
{Heap before GC invocations=69 (full 0):
 garbage-first heap   total 191488K, used 123056K [0x0000000080000000, 0x0000000100000000)
  region size 1024K, 9 young (9216K), 5 survivors (5120K)
 Metaspace       used 111716K, committed 112512K, reserved 1179648K
  class space    used 15253K, committed 15680K, reserved 1048576K
}

